<?xml version="1.0" encoding="UTF-8"?>
<!-- Generated by org.testng.reporters.JUnitXMLReporter -->
<testsuite ignored="0" hostname="DESKTOP-2URMIDR" failures="0" tests="9" name="Test" time="94.44" errors="0" timestamp="13 Apr 2019 18:23:39 GMT">
  <testcase classname="com.funtionaltesting.Login" name="read" time="0.008"/>
  <testcase classname="com.funtionaltesting.Login" name="read" time="0.001"/>
  <testcase classname="com.funtionaltesting.Login" name="read" time="0.0"/>
  <testcase classname="com.funtionaltesting.Login" name="login" time="12.751"/>
  <testcase classname="com.funtionaltesting.Login" name="login" time="3.941"/>
  <testcase classname="com.funtionaltesting.Login" name="login" time="13.359"/>
  <testcase classname="com.funtionaltesting.MessagingTest" name="loginlogout" time="23.887"/>
  <testcase classname="com.funtionaltesting.MessagingTest" name="loginlogout" time="15.676"/>
  <testcase classname="com.funtionaltesting.MessagingTest" name="loginlogout" time="24.383"/>
</testsuite> <!-- Test -->
