<?xml version="1.0" encoding="UTF-8"?>
<!-- Generated by org.testng.reporters.JUnitXMLReporter -->
<testsuite ignored="0" hostname="DESKTOP-2URMIDR" failures="0" tests="6" name="Test" time="42.22" errors="0" timestamp="17 Apr 2019 06:41:22 GMT">
  <testcase classname="com.funtionaltesting.Login" name="read" time="0.004"/>
  <testcase classname="com.funtionaltesting.Login" name="read" time="0.003"/>
  <testcase classname="com.funtionaltesting.Login" name="read" time="0.002"/>
  <testcase classname="com.funtionaltesting.Login" name="login" time="3.846"/>
  <testcase classname="com.funtionaltesting.Login" name="login" time="17.97"/>
  <testcase classname="com.funtionaltesting.Login" name="login" time="3.578"/>
</testsuite> <!-- Test -->
