<?xml version="1.0" encoding="UTF-8"?>
<testng-results ignored="0" total="6" passed="6" failed="0" skipped="0">
  <reporter-output>
  </reporter-output>
  <suite started-at="2019-04-15T20:10:23Z" name="Default suite" finished-at="2019-04-15T20:10:34Z" duration-ms="10700">
    <groups>
    </groups>
    <test started-at="2019-04-15T20:10:23Z" name="Default test" finished-at="2019-04-15T20:10:34Z" duration-ms="10700">
      <class name="com.funtionaltesting.Login">
        <test-method signature="read(java.lang.String, java.lang.String)[pri:1, instance:com.funtionaltesting.Login@3d34d211]" started-at="2019-04-15T20:10:24Z" name="read" data-provider="excelData" finished-at="2019-04-15T20:10:24Z" duration-ms="5" status="PASS">
          <params>
            <param index="0">
              <value>
                <![CDATA[ricky0143@gmail.com]]>
              </value>
            </param>
            <param index="1">
              <value>
                <![CDATA[password1122]]>
              </value>
            </param>
          </params>
          <reporter-output>
          </reporter-output>
        </test-method> <!-- read -->
        <test-method signature="read(java.lang.String, java.lang.String)[pri:1, instance:com.funtionaltesting.Login@3d34d211]" started-at="2019-04-15T20:10:24Z" name="read" data-provider="excelData" finished-at="2019-04-15T20:10:24Z" duration-ms="1" status="PASS">
          <params>
            <param index="0">
              <value>
                <![CDATA[ricky--@gmail.com]]>
              </value>
            </param>
            <param index="1">
              <value>
                <![CDATA[abc3435454]]>
              </value>
            </param>
          </params>
          <reporter-output>
          </reporter-output>
        </test-method> <!-- read -->
        <test-method signature="read(java.lang.String, java.lang.String)[pri:1, instance:com.funtionaltesting.Login@3d34d211]" started-at="2019-04-15T20:10:24Z" name="read" data-provider="excelData" finished-at="2019-04-15T20:10:24Z" duration-ms="5" status="PASS">
          <params>
            <param index="0">
              <value>
                <![CDATA[ricky0143@gmail.com]]>
              </value>
            </param>
            <param index="1">
              <value>
                <![CDATA[password1122]]>
              </value>
            </param>
          </params>
          <reporter-output>
          </reporter-output>
        </test-method> <!-- read -->
        <test-method signature="login(java.lang.String, java.lang.String)[pri:2, instance:com.funtionaltesting.Login@3d34d211]" started-at="2019-04-15T20:10:24Z" name="login" data-provider="excelData" finished-at="2019-04-15T20:10:27Z" duration-ms="3485" status="PASS">
          <params>
            <param index="0">
              <value>
                <![CDATA[ricky0143@gmail.com]]>
              </value>
            </param>
            <param index="1">
              <value>
                <![CDATA[password1122]]>
              </value>
            </param>
          </params>
          <reporter-output>
          </reporter-output>
        </test-method> <!-- login -->
        <test-method signature="login(java.lang.String, java.lang.String)[pri:2, instance:com.funtionaltesting.Login@3d34d211]" started-at="2019-04-15T20:10:27Z" name="login" data-provider="excelData" finished-at="2019-04-15T20:10:31Z" duration-ms="3154" status="PASS">
          <params>
            <param index="0">
              <value>
                <![CDATA[ricky--@gmail.com]]>
              </value>
            </param>
            <param index="1">
              <value>
                <![CDATA[abc3435454]]>
              </value>
            </param>
          </params>
          <reporter-output>
          </reporter-output>
        </test-method> <!-- login -->
        <test-method signature="login(java.lang.String, java.lang.String)[pri:2, instance:com.funtionaltesting.Login@3d34d211]" started-at="2019-04-15T20:10:31Z" name="login" data-provider="excelData" finished-at="2019-04-15T20:10:34Z" duration-ms="3624" status="PASS">
          <params>
            <param index="0">
              <value>
                <![CDATA[ricky0143@gmail.com]]>
              </value>
            </param>
            <param index="1">
              <value>
                <![CDATA[password1122]]>
              </value>
            </param>
          </params>
          <reporter-output>
          </reporter-output>
        </test-method> <!-- login -->
      </class> <!-- com.funtionaltesting.Login -->
    </test> <!-- Default test -->
  </suite> <!-- Default suite -->
</testng-results>
