<?xml version="1.0" encoding="UTF-8"?>
<testng-results ignored="0" total="6" passed="6" failed="0" skipped="0">
  <reporter-output>
  </reporter-output>
  <suite started-at="2019-04-20T05:45:50Z" name="Default suite" finished-at="2019-04-20T05:46:12Z" duration-ms="22177">
    <groups>
    </groups>
    <test started-at="2019-04-20T05:45:50Z" name="Default test" finished-at="2019-04-20T05:46:12Z" duration-ms="22177">
      <class name="com.funtionaltesting.Login">
        <test-method is-config="true" signature="setExtend()[pri:0, instance:com.funtionaltesting.Login@5c671d7f]" started-at="2019-04-20T05:45:50Z" name="setExtend" finished-at="2019-04-20T05:45:50Z" duration-ms="144" status="PASS">
          <reporter-output>
          </reporter-output>
        </test-method> <!-- setExtend -->
        <test-method signature="read(java.lang.String, java.lang.String)[pri:1, instance:com.funtionaltesting.Login@5c671d7f]" started-at="2019-04-20T05:45:51Z" name="read" data-provider="excelData" finished-at="2019-04-20T05:45:51Z" duration-ms="0" status="PASS">
          <params>
            <param index="0">
              <value>
                <![CDATA[ricky0143@gmail.com]]>
              </value>
            </param>
            <param index="1">
              <value>
                <![CDATA[password1122]]>
              </value>
            </param>
          </params>
          <reporter-output>
          </reporter-output>
        </test-method> <!-- read -->
        <test-method is-config="true" signature="tearDown(org.testng.ITestResult)[pri:0, instance:com.funtionaltesting.Login@5c671d7f]" started-at="2019-04-20T05:45:51Z" name="tearDown" finished-at="2019-04-20T05:45:51Z" duration-ms="1" status="PASS">
          <params>
            <param index="0">
              <value>
                <![CDATA[[TestResult name=read status=SUCCESS method=Login.read(java.lang.String, java.lang.String)[pri:1, instance:com.funtionaltesting.Login@5c671d7f] output={null}]]]>
              </value>
            </param>
          </params>
          <reporter-output>
          </reporter-output>
        </test-method> <!-- tearDown -->
        <test-method is-config="true" signature="tearDown(org.testng.ITestResult)[pri:0, instance:com.funtionaltesting.Login@5c671d7f]" started-at="2019-04-20T05:45:51Z" name="tearDown" finished-at="2019-04-20T05:45:51Z" duration-ms="0" status="PASS">
          <params>
            <param index="0">
              <value>
                <![CDATA[[TestResult name=read status=SUCCESS method=Login.read(java.lang.String, java.lang.String)[pri:1, instance:com.funtionaltesting.Login@5c671d7f] output={null}]]]>
              </value>
            </param>
          </params>
          <reporter-output>
          </reporter-output>
        </test-method> <!-- tearDown -->
        <test-method signature="read(java.lang.String, java.lang.String)[pri:1, instance:com.funtionaltesting.Login@5c671d7f]" started-at="2019-04-20T05:45:51Z" name="read" data-provider="excelData" finished-at="2019-04-20T05:45:51Z" duration-ms="0" status="PASS">
          <params>
            <param index="0">
              <value>
                <![CDATA[ricky--@gmail.com]]>
              </value>
            </param>
            <param index="1">
              <value>
                <![CDATA[abc3435454]]>
              </value>
            </param>
          </params>
          <reporter-output>
          </reporter-output>
        </test-method> <!-- read -->
        <test-method is-config="true" signature="tearDown(org.testng.ITestResult)[pri:0, instance:com.funtionaltesting.Login@5c671d7f]" started-at="2019-04-20T05:45:51Z" name="tearDown" finished-at="2019-04-20T05:45:51Z" duration-ms="0" status="PASS">
          <params>
            <param index="0">
              <value>
                <![CDATA[[TestResult name=read status=SUCCESS method=Login.read(java.lang.String, java.lang.String)[pri:1, instance:com.funtionaltesting.Login@5c671d7f] output={null}]]]>
              </value>
            </param>
          </params>
          <reporter-output>
          </reporter-output>
        </test-method> <!-- tearDown -->
        <test-method signature="read(java.lang.String, java.lang.String)[pri:1, instance:com.funtionaltesting.Login@5c671d7f]" started-at="2019-04-20T05:45:51Z" name="read" data-provider="excelData" finished-at="2019-04-20T05:45:51Z" duration-ms="0" status="PASS">
          <params>
            <param index="0">
              <value>
                <![CDATA[ricky0143@gmail.com]]>
              </value>
            </param>
            <param index="1">
              <value>
                <![CDATA[password1122]]>
              </value>
            </param>
          </params>
          <reporter-output>
          </reporter-output>
        </test-method> <!-- read -->
        <test-method signature="login(java.lang.String, java.lang.String)[pri:3, instance:com.funtionaltesting.Login@5c671d7f]" started-at="2019-04-20T05:45:51Z" name="login" data-provider="excelData" finished-at="2019-04-20T05:45:54Z" duration-ms="3569" status="PASS">
          <params>
            <param index="0">
              <value>
                <![CDATA[ricky0143@gmail.com]]>
              </value>
            </param>
            <param index="1">
              <value>
                <![CDATA[password1122]]>
              </value>
            </param>
          </params>
          <reporter-output>
          </reporter-output>
        </test-method> <!-- login -->
        <test-method is-config="true" signature="tearDown(org.testng.ITestResult)[pri:0, instance:com.funtionaltesting.Login@5c671d7f]" started-at="2019-04-20T05:45:54Z" name="tearDown" finished-at="2019-04-20T05:45:54Z" duration-ms="0" status="PASS">
          <params>
            <param index="0">
              <value>
                <![CDATA[[TestResult name=login status=SUCCESS method=Login.login(java.lang.String, java.lang.String)[pri:3, instance:com.funtionaltesting.Login@5c671d7f] output={null}]]]>
              </value>
            </param>
          </params>
          <reporter-output>
          </reporter-output>
        </test-method> <!-- tearDown -->
        <test-method signature="login(java.lang.String, java.lang.String)[pri:3, instance:com.funtionaltesting.Login@5c671d7f]" started-at="2019-04-20T05:45:54Z" name="login" data-provider="excelData" finished-at="2019-04-20T05:45:58Z" duration-ms="3870" status="PASS">
          <params>
            <param index="0">
              <value>
                <![CDATA[ricky--@gmail.com]]>
              </value>
            </param>
            <param index="1">
              <value>
                <![CDATA[abc3435454]]>
              </value>
            </param>
          </params>
          <reporter-output>
          </reporter-output>
        </test-method> <!-- login -->
        <test-method is-config="true" signature="tearDown(org.testng.ITestResult)[pri:0, instance:com.funtionaltesting.Login@5c671d7f]" started-at="2019-04-20T05:45:58Z" name="tearDown" finished-at="2019-04-20T05:45:58Z" duration-ms="0" status="PASS">
          <params>
            <param index="0">
              <value>
                <![CDATA[[TestResult name=login status=SUCCESS method=Login.login(java.lang.String, java.lang.String)[pri:3, instance:com.funtionaltesting.Login@5c671d7f] output={null}]]]>
              </value>
            </param>
          </params>
          <reporter-output>
          </reporter-output>
        </test-method> <!-- tearDown -->
        <test-method signature="login(java.lang.String, java.lang.String)[pri:3, instance:com.funtionaltesting.Login@5c671d7f]" started-at="2019-04-20T05:45:58Z" name="login" data-provider="excelData" finished-at="2019-04-20T05:46:12Z" duration-ms="14023" status="PASS">
          <params>
            <param index="0">
              <value>
                <![CDATA[ricky0143@gmail.com]]>
              </value>
            </param>
            <param index="1">
              <value>
                <![CDATA[password1122]]>
              </value>
            </param>
          </params>
          <reporter-output>
          </reporter-output>
        </test-method> <!-- login -->
        <test-method is-config="true" signature="tearDown(org.testng.ITestResult)[pri:0, instance:com.funtionaltesting.Login@5c671d7f]" started-at="2019-04-20T05:46:12Z" name="tearDown" finished-at="2019-04-20T05:46:12Z" duration-ms="0" status="PASS">
          <params>
            <param index="0">
              <value>
                <![CDATA[[TestResult name=login status=SUCCESS method=Login.login(java.lang.String, java.lang.String)[pri:3, instance:com.funtionaltesting.Login@5c671d7f] output={null}]]]>
              </value>
            </param>
          </params>
          <reporter-output>
          </reporter-output>
        </test-method> <!-- tearDown -->
        <test-method is-config="true" signature="endReport()[pri:0, instance:com.funtionaltesting.Login@5c671d7f]" started-at="2019-04-20T05:46:12Z" name="endReport" finished-at="2019-04-20T05:46:12Z" duration-ms="180" status="PASS">
          <reporter-output>
          </reporter-output>
        </test-method> <!-- endReport -->
      </class> <!-- com.funtionaltesting.Login -->
    </test> <!-- Default test -->
  </suite> <!-- Default suite -->
</testng-results>
