<?xml version="1.0" encoding="UTF-8"?>
<!-- Generated by org.testng.reporters.JUnitXMLReporter -->
<testsuite ignored="0" hostname="DESKTOP-2URMIDR" failures="0" tests="6" name="Default test" time="22.177" errors="0" timestamp="20 Apr 2019 05:46:12 GMT">
  <testcase classname="com.funtionaltesting.Login" name="read" time="0.0"/>
  <testcase classname="com.funtionaltesting.Login" name="read" time="0.0"/>
  <testcase classname="com.funtionaltesting.Login" name="read" time="0.0"/>
  <testcase classname="com.funtionaltesting.Login" name="login" time="3.569"/>
  <testcase classname="com.funtionaltesting.Login" name="login" time="3.87"/>
  <testcase classname="com.funtionaltesting.Login" name="login" time="14.023"/>
</testsuite> <!-- Default test -->
