<?xml version="1.0" encoding="UTF-8"?>
<!-- Generated by org.testng.reporters.JUnitXMLReporter -->
<testsuite ignored="0" hostname="DESKTOP-2URMIDR" failures="0" tests="6" name="Default test" time="10.7" errors="0" timestamp="15 Apr 2019 20:10:34 GMT">
  <testcase classname="com.funtionaltesting.Login" name="read" time="0.005"/>
  <testcase classname="com.funtionaltesting.Login" name="read" time="0.001"/>
  <testcase classname="com.funtionaltesting.Login" name="read" time="0.005"/>
  <testcase classname="com.funtionaltesting.Login" name="login" time="3.485"/>
  <testcase classname="com.funtionaltesting.Login" name="login" time="3.154"/>
  <testcase classname="com.funtionaltesting.Login" name="login" time="3.624"/>
</testsuite> <!-- Default test -->
